{
  "RSpec": {
    "coverage": {
      "/Users/jmorr271/Projects/Databases/Bookmark-app/Bookmark-app-v2/Bookmark-app/app.rb": {
        "lines": [
          1,
          1,
          1,
          1,
          1,
          1,
          null,
          1,
          1,
          1,
          null,
          1,
          2,
          null,
          null,
          1,
          2,
          2,
          null,
          null,
          1,
          10,
          10,
          10,
          null,
          null,
          1,
          2,
          1,
          1,
          null,
          1,
          1,
          null,
          null,
          null,
          1,
          3,
          null,
          null,
          1,
          1,
          1,
          null,
          null,
          1,
          1,
          1,
          null,
          null,
          1,
          1,
          null,
          1,
          null,
          null,
          1,
          1,
          1,
          null,
          null,
          1,
          null,
          1,
          1,
          null,
          null,
          1,
          null,
          null,
          null,
          1,
          null
        ]
      },
      "/Users/jmorr271/Projects/Databases/Bookmark-app/Bookmark-app-v2/Bookmark-app/lib/bookmark_manager.rb": {
        "lines": [
          1,
          1,
          1,
          null,
          1,
          null,
          1,
          11,
          11,
          8,
          null,
          null,
          null,
          1,
          11,
          11,
          null,
          null,
          1,
          2,
          2,
          null,
          null,
          1,
          1,
          null,
          null,
          1,
          0,
          null,
          null,
          null,
          null
        ]
      },
      "/Users/jmorr271/Projects/Databases/Bookmark-app/Bookmark-app-v2/Bookmark-app/lib/bookmark.rb": {
        "lines": [
          1,
          1,
          null,
          1,
          null,
          1,
          19,
          19,
          19,
          null,
          null,
          1,
          9,
          null,
          null,
          null
        ]
      },
      "/Users/jmorr271/Projects/Databases/Bookmark-app/Bookmark-app-v2/Bookmark-app/lib/comment.rb": {
        "lines": [
          1,
          1,
          null,
          1,
          4,
          4,
          null,
          null,
          null,
          null,
          null,
          null,
          1,
          9,
          9,
          4,
          null,
          null,
          null,
          null,
          null,
          null,
          null,
          1,
          null,
          1,
          8,
          8,
          8,
          null,
          null,
          null
        ]
      },
      "/Users/jmorr271/Projects/Databases/Bookmark-app/Bookmark-app-v2/Bookmark-app/lib/database_connection_setup.rb": {
        "lines": [
          1,
          null,
          1,
          1,
          null,
          0,
          null
        ]
      },
      "/Users/jmorr271/Projects/Databases/Bookmark-app/Bookmark-app-v2/Bookmark-app/spec/features/web_helpers.rb": {
        "lines": [

        ]
      },
      "/Users/jmorr271/Projects/Databases/Bookmark-app/Bookmark-app-v2/Bookmark-app/spec/bookmarks_spec.rb": {
        "lines": [
          1,
          null,
          1,
          null,
          1,
          1,
          1,
          1,
          1,
          null,
          null,
          null,
          null,
          null,
          null,
          null,
          null,
          null,
          1,
          1,
          1,
          1,
          null,
          null,
          null,
          2,
          null,
          1,
          1,
          1,
          1,
          null,
          1,
          1,
          null,
          null,
          1,
          1,
          1,
          null,
          1,
          null,
          null,
          null,
          null
        ]
      },
      "/Users/jmorr271/Projects/Databases/Bookmark-app/Bookmark-app-v2/Bookmark-app/spec/comment_spec.rb": {
        "lines": [
          1,
          1,
          null,
          1,
          1,
          1,
          1,
          1,
          null,
          1,
          1,
          1,
          null,
          null,
          null,
          1,
          1,
          1,
          1,
          1,
          null,
          1,
          1,
          null,
          1,
          1,
          1,
          null,
          null,
          null
        ]
      },
      "/Users/jmorr271/Projects/Databases/Bookmark-app/Bookmark-app-v2/Bookmark-app/spec/database_connection_spec.rb": {
        "lines": [
          1,
          null,
          1,
          1,
          1,
          1,
          null,
          1,
          null,
          null,
          1,
          1,
          null,
          1,
          null,
          null,
          null,
          1,
          1,
          1,
          null,
          1,
          1,
          null,
          null,
          null
        ]
      },
      "/Users/jmorr271/Projects/Databases/Bookmark-app/Bookmark-app-v2/Bookmark-app/spec/features/comments_spec.rb": {
        "lines": [
          1,
          1,
          1,
          null,
          1,
          1,
          null,
          1,
          1,
          1,
          null,
          1,
          1,
          null,
          null
        ]
      },
      "/Users/jmorr271/Projects/Databases/Bookmark-app/Bookmark-app-v2/Bookmark-app/spec/features/creating_bookmarks_spec.rb": {
        "lines": [
          1,
          1,
          1,
          1,
          1,
          1,
          null,
          1,
          null,
          null
        ]
      },
      "/Users/jmorr271/Projects/Databases/Bookmark-app/Bookmark-app-v2/Bookmark-app/spec/features/delete_bookmark_spec.rb": {
        "lines": [
          1,
          1,
          1,
          1,
          1,
          null,
          1,
          null,
          1,
          1,
          null,
          null
        ]
      },
      "/Users/jmorr271/Projects/Databases/Bookmark-app/Bookmark-app-v2/Bookmark-app/spec/features/fake_url_spec.rb": {
        "lines": [
          1,
          1,
          1,
          1,
          1,
          1,
          1,
          1,
          1,
          1,
          1,
          null,
          null
        ]
      },
      "/Users/jmorr271/Projects/Databases/Bookmark-app/Bookmark-app-v2/Bookmark-app/spec/features/tag_spec.rb": {
        "lines": [
          1,
          1,
          1,
          null,
          1,
          1,
          null,
          1,
          1,
          0,
          null,
          0,
          0,
          null,
          null
        ]
      },
      "/Users/jmorr271/Projects/Databases/Bookmark-app/Bookmark-app-v2/Bookmark-app/spec/features/update_bookmark_spec.rb": {
        "lines": [
          1,
          1,
          1,
          1,
          1,
          null,
          1,
          1,
          null,
          1,
          1,
          1,
          null,
          1,
          1,
          1,
          null,
          null
        ]
      },
      "/Users/jmorr271/Projects/Databases/Bookmark-app/Bookmark-app-v2/Bookmark-app/spec/features/view_bookmarks_spec.rb": {
        "lines": [
          1,
          1,
          1,
          1,
          1,
          1,
          null,
          null
        ]
      }
    },
    "timestamp": 1604674760
  }
}
